Serving /samples from /workspaces/Aether/server/samples
Connected to SQLite database at /workspaces/Aether/data/your-database-name.db
All tables and pragmas initialized successfully.
Database initialized successfully
Jobs DB opened at /workspaces/Aether/server/data/jobs.db
[Puppeteer] Initialization attempt 1/5
[Puppeteer] Using Chrome executable at: /usr/bin/google-chrome-stable
PUPPETEER_SKIP_CHROMIUM_DOWNLOAD=true - will not download bundled Chromium on install.
[Puppeteer] Initialization successful
Server listening on port 3000
[Health] Not ready: {
  "status": "initializing",
  "timestamp": "2025-09-03T21:11:24.829Z",
  "uptime": 1242,
  "gracePeriod": true,
  "services": {
    "puppeteer": {
      "status": "ok",
      "phase": "ready",
      "error": null,
      "healthChecks": 0,
      "ready": true,
      "transitioning": false,
      "retryCount": 0
    },
    "db": {
      "status": "ok",
      "error": null,
      "phase": "ready",
      "ready": true
    }
  }
}
[0mGET /health [31m503[0m 3.841 ms - 297[0m
[Health] Not ready: {
  "status": "initializing",
  "timestamp": "2025-09-03T21:11:34.895Z",
  "uptime": 11308,
  "gracePeriod": true,
  "services": {
    "puppeteer": {
      "status": "ok",
      "phase": "ready",
      "error": null,
      "healthChecks": 0,
      "ready": true,
      "transitioning": false,
      "retryCount": 0
    },
    "db": {
      "status": "ok",
      "error": null,
      "phase": "ready",
      "ready": true
    }
  }
}
[0mGET /health [31m503[0m 0.922 ms - 298[0m
[Health] Not ready: {
  "status": "initializing",
  "timestamp": "2025-09-03T21:11:44.952Z",
  "uptime": 21365,
  "gracePeriod": true,
  "services": {
    "puppeteer": {
      "status": "ok",
      "phase": "ready",
      "error": null,
      "healthChecks": 0,
      "ready": true,
      "transitioning": false,
      "retryCount": 0
    },
    "db": {
      "status": "ok",
      "error": null,
      "phase": "ready",
      "ready": true
    }
  }
}
[0mGET /health [31m503[0m 0.662 ms - 298[0m
[0mPOST /export [32m200[0m 2028.214 ms - 7552[0m
[0mGET /health [32m200[0m 31.990 ms - 289[0m
[0mGET /health [32m200[0m 45.377 ms - 289[0m
[0mGET /health [32m200[0m 29.122 ms - 289[0m
[0mGET /health [32m200[0m 29.713 ms - 289[0m
[0mGET /health [32m200[0m 40.397 ms - 289[0m
[0mGET / [32m200[0m 0.822 ms - 45[0m
[0mGET / [32m200[0m 0.469 ms - 45[0m
[0mGET /health [32m200[0m 29.259 ms - 289[0m
[0mGET /health [32m200[0m 31.478 ms - 289[0m
[0mGET /preview?content=%7B%22title%22%3A%22Summer%20Poems%20%E2%80%94%20Demo%22%2C%22body%22%3A%22%3Cdiv%20style%3D%5C%22page-break-after%3Aalways%3Bpadding%3A48px%3Bbackground-image%3Aurl(%2Fsamples%2Fimages%2Fsummer1.svg)%3Bbackground-size%3Acover%3Bbackground-position%3Acenter%3B%5C%22%3E%3Ch1%3ESummer%20Poem%201%3C%2Fh1%3E%3Cp%3EBy%20Unknown%3C%2Fp%3E%3Cpre%3ERoses%20are%20red%5CnViolets%20are%20blue%5CnSummer%20breeze%20carries%20you%3C%2Fpre%3E%3C%2Fdiv%3E%3Cdiv%20style%3D%5C%22page-break-after%3Aalways%3Bpadding%3A48px%3Bbackground-image%3Aurl(%2Fsamples%2Fimages%2Fsummer2.svg)%3Bbackground-size%3Acover%3Bbackground-position%3Acenter%3B%5C%22%3E%3Ch1%3ESummer%20Poem%202%3C%2Fh1%3E%3Cp%3EBy%20Unknown%3C%2Fp%3E%3Cpre%3ESun%20on%20the%20sand%5CnWaves%20lap%20the%20shore%5CnA%20page%20on%20each%3C%2Fpre%3E%3C%2Fdiv%3E%22%2C%22layout%22%3A%22default%22%7D [33m401[0m 0.427 ms - 45[0m
[0mGET /preview?content=%7B%22title%22%3A%22Summer%20Poems%20%E2%80%94%20Demo%22%2C%22body%22%3A%22%3Cdiv%20style%3D%5C%22page-break-after%3Aalways%3Bpadding%3A48px%3Bbackground-image%3Aurl(%2Fsamples%2Fimages%2Fsummer1.svg)%3Bbackground-size%3Acover%3Bbackground-position%3Acenter%3B%5C%22%3E%3Ch1%3ESummer%20Poem%201%3C%2Fh1%3E%3Cp%3EBy%20Unknown%3C%2Fp%3E%3Cpre%3ERoses%20are%20red%5CnViolets%20are%20blue%5CnSummer%20breeze%20carries%20you%3C%2Fpre%3E%3C%2Fdiv%3E%3Cdiv%20style%3D%5C%22page-break-after%3Aalways%3Bpadding%3A48px%3Bbackground-image%3Aurl(%2Fsamples%2Fimages%2Fsummer2.svg)%3Bbackground-size%3Acover%3Bbackground-position%3Acenter%3B%5C%22%3E%3Ch1%3ESummer%20Poem%202%3C%2Fh1%3E%3Cp%3EBy%20Unknown%3C%2Fp%3E%3Cpre%3ESun%20on%20the%20sand%5CnWaves%20lap%20the%20shore%5CnA%20page%20on%20each%3C%2Fpre%3E%3C%2Fdiv%3E%22%2C%22layout%22%3A%22default%22%7D [33m401[0m 0.309 ms - 45[0m
[0mGET /preview?content=%7B%22title%22%3A%22Summer%20Poems%20%E2%80%94%20Demo%22%2C%22body%22%3A%22%3Cdiv%20style%3D%5C%22page-break-after%3Aalways%3Bpadding%3A48px%3Bbackground-image%3Aurl(%2Fsamples%2Fimages%2Fsummer1.svg)%3Bbackground-size%3Acover%3Bbackground-position%3Acenter%3B%5C%22%3E%3Ch1%3ESummer%20Poem%201%3C%2Fh1%3E%3Cp%3EBy%20Unknown%3C%2Fp%3E%3Cpre%3ERoses%20are%20red%5CnViolets%20are%20blue%5CnSummer%20breeze%20carries%20you%3C%2Fpre%3E%3C%2Fdiv%3E%3Cdiv%20style%3D%5C%22page-break-after%3Aalways%3Bpadding%3A48px%3Bbackground-image%3Aurl(%2Fsamples%2Fimages%2Fsummer2.svg)%3Bbackground-size%3Acover%3Bbackground-position%3Acenter%3B%5C%22%3E%3Ch1%3ESummer%20Poem%202%3C%2Fh1%3E%3Cp%3EBy%20Unknown%3C%2Fp%3E%3Cpre%3ESun%20on%20the%20sand%5CnWaves%20lap%20the%20shore%5CnA%20page%20on%20each%3C%2Fpre%3E%3C%2Fdiv%3E%22%2C%22layout%22%3A%22default%22%7D [33m401[0m 0.302 ms - 45[0m
[0mGET /preview?content=%7B%22title%22%3A%22Summer%20Poems%20%E2%80%94%20Demo%22%2C%22body%22%3A%22%3Cdiv%20style%3D%5C%22page-break-after%3Aalways%3Bpadding%3A48px%3Bbackground-image%3Aurl(%2Fsamples%2Fimages%2Fsummer1.svg)%3Bbackground-size%3Acover%3Bbackground-position%3Acenter%3B%5C%22%3E%3Ch1%3ESummer%20Poem%201%3C%2Fh1%3E%3Cp%3EBy%20Unknown%3C%2Fp%3E%3Cpre%3ERoses%20are%20red%5CnViolets%20are%20blue%5CnSummer%20breeze%20carries%20you%3C%2Fpre%3E%3C%2Fdiv%3E%3Cdiv%20style%3D%5C%22page-break-after%3Aalways%3Bpadding%3A48px%3Bbackground-image%3Aurl(%2Fsamples%2Fimages%2Fsummer2.svg)%3Bbackground-size%3Acover%3Bbackground-position%3Acenter%3B%5C%22%3E%3Ch1%3ESummer%20Poem%202%3C%2Fh1%3E%3Cp%3EBy%20Unknown%3C%2Fp%3E%3Cpre%3ESun%20on%20the%20sand%5CnWaves%20lap%20the%20shore%5CnA%20page%20on%20each%3C%2Fpre%3E%3C%2Fdiv%3E%22%2C%22layout%22%3A%22default%22%7D [33m401[0m 0.328 ms - 45[0m
[0mGET /health [32m200[0m 40.599 ms - 290[0m
[0mGET /health [32m200[0m 31.209 ms - 290[0m
[0mGET /health [32m200[0m 29.757 ms - 290[0m
[0mGET /health [32m200[0m 31.764 ms - 291[0m
[0mGET /health [32m200[0m 30.919 ms - 291[0m
[0mGET /preview?content=%7B%22title%22%3A%22Summer%20Poems%20%E2%80%94%20Demo%22%2C%22body%22%3A%22%3Cdiv%20style%3D%5C%22page-break-after%3Aalways%3Bpadding%3A48px%3Bbackground-image%3Aurl(%2Fsamples%2Fimages%2Fsummer1.svg)%3Bbackground-size%3Acover%3Bbackground-position%3Acenter%3B%5C%22%3E%3Ch1%3ESummer%20Poem%201%3C%2Fh1%3E%3Cp%3EBy%20Unknown%3C%2Fp%3E%3Cpre%3ERoses%20are%20red%5CnViolets%20are%20blue%5CnSummer%20breeze%20carries%20you%3C%2Fpre%3E%3C%2Fdiv%3E%3Cdiv%20style%3D%5C%22page-break-after%3Aalways%3Bpadding%3A48px%3Bbackground-image%3Aurl(%2Fsamples%2Fimages%2Fsummer2.svg)%3Bbackground-size%3Acover%3Bbackground-position%3Acenter%3B%5C%22%3E%3Ch1%3ESummer%20Poem%202%3C%2Fh1%3E%3Cp%3EBy%20Unknown%3C%2Fp%3E%3Cpre%3ESun%20on%20the%20sand%5CnWaves%20lap%20the%20shore%5CnA%20page%20on%20each%3C%2Fpre%3E%3C%2Fdiv%3E%22%2C%22layout%22%3A%22default%22%7D [33m401[0m 0.404 ms - 45[0m
[0mPOST /export [33m401[0m 0.269 ms - 45[0m
[0mGET /preview?content=%7B%22title%22%3A%22Summer%20Poems%20%E2%80%94%20Demo%22%2C%22body%22%3A%22%3Cdiv%20style%3D%5C%22page-break-after%3Aalways%3Bpadding%3A48px%3Bbackground-image%3Aurl(%2Fsamples%2Fimages%2Fsummer1.svg)%3Bbackground-size%3Acover%3Bbackground-position%3Acenter%3B%5C%22%3E%3Ch1%3ESummer%20Poem%201%3C%2Fh1%3E%3Cp%3EBy%20Unknown%3C%2Fp%3E%3Cpre%3ERoses%20are%20red%5CnViolets%20are%20blue%5CnSummer%20breeze%20carries%20you%3C%2Fpre%3E%3C%2Fdiv%3E%3Cdiv%20style%3D%5C%22page-break-after%3Aalways%3Bpadding%3A48px%3Bbackground-image%3Aurl(%2Fsamples%2Fimages%2Fsummer2.svg)%3Bbackground-size%3Acover%3Bbackground-position%3Acenter%3B%5C%22%3E%3Ch1%3ESummer%20Poem%202%3C%2Fh1%3E%3Cp%3EBy%20Unknown%3C%2Fp%3E%3Cpre%3ESun%20on%20the%20sand%5CnWaves%20lap%20the%20shore%5CnA%20page%20on%20each%3C%2Fpre%3E%3C%2Fdiv%3E%22%2C%22layout%22%3A%22default%22%7D [33m401[0m 0.380 ms - 45[0m
[0mPOST /export [33m401[0m 0.269 ms - 45[0m
[0mGET /health [32m200[0m 42.229 ms - 291[0m
[0mGET /health [32m200[0m 31.701 ms - 291[0m
[0mGET /health [32m200[0m 28.217 ms - 291[0m
[0mGET /health [32m200[0m 28.112 ms - 291[0m
[0mGET /health [32m200[0m 31.719 ms - 291[0m
[0mGET /health [32m200[0m 36.437 ms - 291[0m
[0mGET /health [32m200[0m 33.119 ms - 291[0m
[0mGET /health [32m200[0m 34.512 ms - 291[0m
[0mGET /health [32m200[0m 135.119 ms - 291[0m
[0mGET /health [32m200[0m 89.247 ms - 291[0m
[0mGET / [36m304[0m 0.570 ms - -[0m
[0mGET /health [32m200[0m 36.571 ms - 291[0m
[0mGET /health [32m200[0m 28.969 ms - 291[0m
[0mGET /health [32m200[0m 34.513 ms - 291[0m
[0mGET /health [32m200[0m 32.866 ms - 291[0m
[0mGET /health [32m200[0m 49.041 ms - 291[0m
[0mGET /health [32m200[0m 32.215 ms - 291[0m
[0mGET /health [32m200[0m 29.397 ms - 291[0m
[0mGET /health [32m200[0m 30.060 ms - 291[0m
[0mGET /health [32m200[0m 30.246 ms - 291[0m
[0mGET /health [32m200[0m 31.161 ms - 291[0m
[0mGET /health [32m200[0m 61.737 ms - 291[0m
[0mGET /health [32m200[0m 30.910 ms - 291[0m
[0mGET /health [32m200[0m 29.511 ms - 291[0m
[0mGET /health [32m200[0m 38.002 ms - 291[0m
[0mGET /health [32m200[0m 39.438 ms - 291[0m
[0mGET /health [32m200[0m 29.731 ms - 291[0m
[0mGET /health [32m200[0m 29.158 ms - 291[0m
[0mGET /health [32m200[0m 35.286 ms - 291[0m
[0mGET /health [32m200[0m 28.935 ms - 291[0m
[0mGET /health [32m200[0m 28.419 ms - 291[0m
[0mGET /health [32m200[0m 36.831 ms - 291[0m
[0mGET /health [32m200[0m 31.232 ms - 291[0m
[0mGET /health [32m200[0m 30.540 ms - 291[0m
[0mGET /health [32m200[0m 45.631 ms - 291[0m
[0mGET /health [32m200[0m 40.035 ms - 291[0m
[0mGET /health [32m200[0m 38.145 ms - 291[0m
[0mGET /health [32m200[0m 31.291 ms - 291[0m
[0mGET /health [32m200[0m 31.873 ms - 291[0m
[0mGET /health [32m200[0m 87.324 ms - 291[0m
[0mGET /health [32m200[0m 31.934 ms - 291[0m
[0mGET /health [32m200[0m 30.885 ms - 291[0m
[0mGET /health [32m200[0m 30.709 ms - 291[0m
[0mGET /health [32m200[0m 28.566 ms - 291[0m
[0mGET /health [32m200[0m 30.077 ms - 291[0m
[0mGET /health [32m200[0m 29.455 ms - 291[0m
[0mGET /health [32m200[0m 31.626 ms - 291[0m
[0mGET /health [32m200[0m 28.804 ms - 291[0m
[0mGET /health [32m200[0m 30.218 ms - 291[0m
[0mGET /health [32m200[0m 43.472 ms - 291[0m
[0mGET /health [32m200[0m 33.291 ms - 291[0m
[0mGET /health [32m200[0m 29.890 ms - 291[0m
[0mGET /health [32m200[0m 30.675 ms - 291[0m
[0mGET /health [32m200[0m 30.517 ms - 291[0m
[0mGET /health [32m200[0m 42.371 ms - 291[0m
[0mGET /health [32m200[0m 28.110 ms - 291[0m
[0mGET /health [32m200[0m 30.624 ms - 291[0m
[0mGET /health [32m200[0m 33.111 ms - 291[0m
[0mGET /health [32m200[0m 30.472 ms - 291[0m
[0mGET /health [32m200[0m 28.232 ms - 291[0m
[0mGET /health [32m200[0m 28.338 ms - 291[0m
[0mGET /health [32m200[0m 27.881 ms - 291[0m
[0mGET /health [32m200[0m 28.000 ms - 291[0m
[0mGET /health [32m200[0m 28.050 ms - 291[0m
[0mGET /health [32m200[0m 37.861 ms - 291[0m
[0mGET /health [32m200[0m 30.865 ms - 291[0m
[0mGET /health [32m200[0m 28.345 ms - 291[0m
[0mGET /health [32m200[0m 29.720 ms - 291[0m
[0mGET /health [32m200[0m 30.484 ms - 291[0m
[0mGET /health [32m200[0m 28.758 ms - 291[0m
[0mGET /health [32m200[0m 44.087 ms - 291[0m
[0mGET /health [32m200[0m 42.176 ms - 291[0m
[0mGET /health [32m200[0m 29.559 ms - 291[0m
[0mGET /health [32m200[0m 29.607 ms - 291[0m
[0mGET /health [32m200[0m 26.350 ms - 291[0m
[0mGET /health [32m200[0m 28.447 ms - 291[0m
[0mGET /health [32m200[0m 29.012 ms - 291[0m
[0mGET /health [32m200[0m 29.685 ms - 291[0m
[0mGET /health [32m200[0m 51.120 ms - 291[0m
[0mGET /health [32m200[0m 28.519 ms - 291[0m
[0mGET /health [32m200[0m 30.927 ms - 291[0m
[0mGET /health [32m200[0m 28.471 ms - 291[0m
[0mGET /health [32m200[0m 29.655 ms - 291[0m
[0mGET /health [32m200[0m 49.257 ms - 291[0m
[0mGET /health [32m200[0m 31.921 ms - 291[0m
[0mGET /health [32m200[0m 29.135 ms - 292[0m
[0mGET /health [32m200[0m 29.188 ms - 292[0m
[0mGET /health [32m200[0m 30.283 ms - 292[0m
[0mGET /health [32m200[0m 52.866 ms - 292[0m
[0mGET /health [32m200[0m 34.481 ms - 293[0m
[0mGET /health [32m200[0m 30.807 ms - 293[0m
[0mGET /health [32m200[0m 36.282 ms - 293[0m
[0mGET /health [32m200[0m 36.264 ms - 293[0m
[0mGET /health [32m200[0m 37.275 ms - 293[0m
[0mGET /health [32m200[0m 31.208 ms - 293[0m
[0mGET /health [32m200[0m 27.305 ms - 293[0m
[0mGET /health [32m200[0m 29.852 ms - 293[0m
[0mGET /health [32m200[0m 52.130 ms - 293[0m
[0mGET /health [32m200[0m 28.950 ms - 293[0m
[0mGET /health [32m200[0m 27.960 ms - 293[0m
[0mGET /health [32m200[0m 28.110 ms - 293[0m
[0mGET /health [32m200[0m 30.134 ms - 293[0m
[0mGET /health [32m200[0m 28.951 ms - 293[0m
[0mGET /health [32m200[0m 33.536 ms - 293[0m
[0mGET /health [32m200[0m 29.220 ms - 293[0m
[0mGET /health [32m200[0m 30.363 ms - 293[0m
[0mGET /health [32m200[0m 28.380 ms - 293[0m
[0mGET /health [32m200[0m 37.469 ms - 293[0m
[0mGET /health [32m200[0m 31.147 ms - 293[0m
[0mGET /health [32m200[0m 29.838 ms - 293[0m
[0mGET /health [32m200[0m 33.174 ms - 293[0m
[0mGET /health [32m200[0m 31.078 ms - 293[0m
[0mGET /health [32m200[0m 34.144 ms - 293[0m
[0mGET /health [32m200[0m 38.346 ms - 293[0m
[0mGET /health [32m200[0m 28.746 ms - 293[0m
[0mGET /health [32m200[0m 32.309 ms - 293[0m
[0mGET /health [32m200[0m 29.620 ms - 293[0m
[0mGET /health [32m200[0m 27.213 ms - 293[0m
[0mGET /health [32m200[0m 27.826 ms - 293[0m
[0mGET /health [32m200[0m 44.890 ms - 293[0m
[0mGET /health [32m200[0m 28.003 ms - 293[0m
[0mGET /health [32m200[0m 29.351 ms - 293[0m
[0mGET /health [32m200[0m 30.498 ms - 293[0m
[0mGET /health [32m200[0m 29.282 ms - 293[0m
[0mGET /health [32m200[0m 30.216 ms - 293[0m
[0mGET /health [32m200[0m 29.593 ms - 293[0m
[0mGET /health [32m200[0m 28.992 ms - 293[0m
[0mGET /health [32m200[0m 31.894 ms - 293[0m
[0mGET /health [32m200[0m 29.043 ms - 293[0m
[0mGET /health [32m200[0m 35.671 ms - 293[0m
[0mGET /health [32m200[0m 27.493 ms - 293[0m
[0mGET /health [32m200[0m 29.687 ms - 293[0m
[0mGET /health [32m200[0m 29.387 ms - 293[0m
[0mGET /health [32m200[0m 35.017 ms - 293[0m
[0mGET /health [32m200[0m 30.263 ms - 293[0m
[0mGET /health [32m200[0m 28.173 ms - 293[0m
[0mGET /health [32m200[0m 29.734 ms - 293[0m
[0mGET /health [32m200[0m 31.681 ms - 293[0m
[0mGET / [32m200[0m 0.404 ms - 45[0m
[0mGET /health [32m200[0m 39.321 ms - 293[0m
[0mGET /preview?content=%7B%22title%22%3A%22Summer%20Poems%20%E2%80%94%20Demo%22%2C%22body%22%3A%22%3Cdiv%20style%3D%5C%22page-break-after%3Aalways%3Bpadding%3A48px%3Bbackground-image%3Aurl(%2Fsamples%2Fimages%2Fsummer1.svg)%3Bbackground-size%3Acover%3Bbackground-position%3Acenter%3B%5C%22%3E%3Ch1%3ESummer%20Poem%201%3C%2Fh1%3E%3Cp%3EBy%20Unknown%3C%2Fp%3E%3Cpre%3ERoses%20are%20red%5CnViolets%20are%20blue%5CnSummer%20breeze%20carries%20you%3C%2Fpre%3E%3C%2Fdiv%3E%3Cdiv%20style%3D%5C%22page-break-after%3Aalways%3Bpadding%3A48px%3Bbackground-image%3Aurl(%2Fsamples%2Fimages%2Fsummer2.svg)%3Bbackground-size%3Acover%3Bbackground-position%3Acenter%3B%5C%22%3E%3Ch1%3ESummer%20Poem%202%3C%2Fh1%3E%3Cp%3EBy%20Unknown%3C%2Fp%3E%3Cpre%3ESun%20on%20the%20sand%5CnWaves%20lap%20the%20shore%5CnA%20page%20on%20each%3C%2Fpre%3E%3C%2Fdiv%3E%22%2C%22layout%22%3A%22default%22%7D [33m401[0m 0.261 ms - 45[0m
[0mGET /preview?content=%7B%22title%22%3A%22Summer%20Poems%20%E2%80%94%20Demo%22%2C%22body%22%3A%22%3Cdiv%20style%3D%5C%22page-break-after%3Aalways%3Bpadding%3A48px%3Bbackground-image%3Aurl(%2Fsamples%2Fimages%2Fsummer1.svg)%3Bbackground-size%3Acover%3Bbackground-position%3Acenter%3B%5C%22%3E%3Ch1%3ESummer%20Poem%201%3C%2Fh1%3E%3Cp%3EBy%20Unknown%3C%2Fp%3E%3Cpre%3ERoses%20are%20red%5CnViolets%20are%20blue%5CnSummer%20breeze%20carries%20you%3C%2Fpre%3E%3C%2Fdiv%3E%3Cdiv%20style%3D%5C%22page-break-after%3Aalways%3Bpadding%3A48px%3Bbackground-image%3Aurl(%2Fsamples%2Fimages%2Fsummer2.svg)%3Bbackground-size%3Acover%3Bbackground-position%3Acenter%3B%5C%22%3E%3Ch1%3ESummer%20Poem%202%3C%2Fh1%3E%3Cp%3EBy%20Unknown%3C%2Fp%3E%3Cpre%3ESun%20on%20the%20sand%5CnWaves%20lap%20the%20shore%5CnA%20page%20on%20each%3C%2Fpre%3E%3C%2Fdiv%3E%22%2C%22layout%22%3A%22default%22%7D [33m401[0m 0.299 ms - 45[0m
[0mPOST /prompt [33m401[0m 0.254 ms - 45[0m
[0mGET /preview?content=%7B%22title%22%3A%22Summer%20Poems%20%E2%80%94%20Demo%22%2C%22body%22%3A%22%3Cdiv%20style%3D%5C%22page-break-after%3Aalways%3Bpadding%3A48px%3Bbackground-image%3Aurl(%2Fsamples%2Fimages%2Fsummer1.svg)%3Bbackground-size%3Acover%3Bbackground-position%3Acenter%3B%5C%22%3E%3Ch1%3ESummer%20Poem%201%3C%2Fh1%3E%3Cp%3EBy%20Unknown%3C%2Fp%3E%3Cpre%3ERoses%20are%20red%5CnViolets%20are%20blue%5CnSummer%20breeze%20carries%20you%3C%2Fpre%3E%3C%2Fdiv%3E%3Cdiv%20style%3D%5C%22page-break-after%3Aalways%3Bpadding%3A48px%3Bbackground-image%3Aurl(%2Fsamples%2Fimages%2Fsummer2.svg)%3Bbackground-size%3Acover%3Bbackground-position%3Acenter%3B%5C%22%3E%3Ch1%3ESummer%20Poem%202%3C%2Fh1%3E%3Cp%3EBy%20Unknown%3C%2Fp%3E%3Cpre%3ESun%20on%20the%20sand%5CnWaves%20lap%20the%20shore%5CnA%20page%20on%20each%3C%2Fpre%3E%3C%2Fdiv%3E%22%2C%22layout%22%3A%22default%22%7D [33m401[0m 0.274 ms - 45[0m
[0mGET /health [32m200[0m 37.161 ms - 293[0m
[0mGET /preview?content=%7B%22title%22%3A%22Summer%20Poems%20%E2%80%94%20Demo%22%2C%22body%22%3A%22%3Cdiv%20style%3D%5C%22page-break-after%3Aalways%3Bpadding%3A48px%3Bbackground-image%3Aurl(%2Fsamples%2Fimages%2Fsummer1.svg)%3Bbackground-size%3Acover%3Bbackground-position%3Acenter%3B%5C%22%3E%3Ch1%3ESummer%20Poem%201%3C%2Fh1%3E%3Cp%3EBy%20Unknown%3C%2Fp%3E%3Cpre%3ERoses%20are%20red%5CnViolets%20are%20blue%5CnSummer%20breeze%20carries%20you%3C%2Fpre%3E%3C%2Fdiv%3E%3Cdiv%20style%3D%5C%22page-break-after%3Aalways%3Bpadding%3A48px%3Bbackground-image%3Aurl(%2Fsamples%2Fimages%2Fsummer2.svg)%3Bbackground-size%3Acover%3Bbackground-position%3Acenter%3B%5C%22%3E%3Ch1%3ESummer%20Poem%202%3C%2Fh1%3E%3Cp%3EBy%20Unknown%3C%2Fp%3E%3Cpre%3ESun%20on%20the%20sand%5CnWaves%20lap%20the%20shore%5CnA%20page%20on%20each%3C%2Fpre%3E%3C%2Fdiv%3E%22%2C%22layout%22%3A%22default%22%7D [33m401[0m 0.263 ms - 45[0m
[0mGET /preview?content=%7B%22title%22%3A%22Summer%20Poems%20%E2%80%94%20Demo%22%2C%22body%22%3A%22%3Cdiv%20style%3D%5C%22page-break-after%3Aalways%3Bpadding%3A48px%3Bbackground-image%3Aurl(%2Fsamples%2Fimages%2Fsummer1.svg)%3Bbackground-size%3Acover%3Bbackground-position%3Acenter%3B%5C%22%3E%3Ch1%3ESummer%20Poem%201%3C%2Fh1%3E%3Cp%3EBy%20Unknown%3C%2Fp%3E%3Cpre%3ERoses%20are%20red%5CnViolets%20are%20blue%5CnSummer%20breeze%20carries%20you%3C%2Fpre%3E%3C%2Fdiv%3E%3Cdiv%20style%3D%5C%22page-break-after%3Aalways%3Bpadding%3A48px%3Bbackground-image%3Aurl(%2Fsamples%2Fimages%2Fsummer2.svg)%3Bbackground-size%3Acover%3Bbackground-position%3Acenter%3B%5C%22%3E%3Ch1%3ESummer%20Poem%202%3C%2Fh1%3E%3Cp%3EBy%20Unknown%3C%2Fp%3E%3Cpre%3ESun%20on%20the%20sand%5CnWaves%20lap%20the%20shore%5CnA%20page%20on%20each%3C%2Fpre%3E%3C%2Fdiv%3E%22%2C%22layout%22%3A%22default%22%7D [33m401[0m 0.255 ms - 45[0m
[0mGET /health [32m200[0m 35.628 ms - 293[0m
[0mGET /health [32m200[0m 35.027 ms - 293[0m
[0mGET /health [32m200[0m 36.445 ms - 293[0m
[0mGET /health [32m200[0m 42.255 ms - 293[0m
[0mGET /health [32m200[0m 81.344 ms - 293[0m
[0mGET /health [32m200[0m 37.355 ms - 293[0m
[0mGET /health [32m200[0m 31.629 ms - 293[0m
[0mGET /health [32m200[0m 80.411 ms - 293[0m
[0mGET /health [32m200[0m 30.023 ms - 293[0m
[0mGET /health [32m200[0m 38.974 ms - 293[0m
[0mGET /health [32m200[0m 30.308 ms - 293[0m
[0mGET /health [32m200[0m 28.219 ms - 293[0m
[0mGET /health [32m200[0m 27.356 ms - 293[0m
[0mGET /health [32m200[0m 30.879 ms - 293[0m
[0mGET /health [32m200[0m 26.827 ms - 293[0m
[0mGET /health [32m200[0m 28.671 ms - 293[0m
[0mGET /health [32m200[0m 29.072 ms - 293[0m
[0mGET /health [32m200[0m 29.071 ms - 293[0m
[0mGET /health [32m200[0m 33.688 ms - 293[0m
[0mGET /health [32m200[0m 35.326 ms - 293[0m
[0mGET /health [32m200[0m 29.123 ms - 293[0m
[0mGET /health [32m200[0m 29.593 ms - 293[0m
[0mGET /health [32m200[0m 29.337 ms - 293[0m
[0mGET /health [32m200[0m 53.514 ms - 293[0m
[0mGET /health [32m200[0m 30.417 ms - 293[0m
[0mGET /health [32m200[0m 27.880 ms - 293[0m
[0mGET /health [32m200[0m 27.642 ms - 293[0m
[0mGET /health [32m200[0m 29.053 ms - 293[0m
[0mGET /health [32m200[0m 34.438 ms - 293[0m
[0mGET /health [32m200[0m 29.540 ms - 293[0m
[0mGET /health [32m200[0m 29.027 ms - 293[0m
[0mGET /health [32m200[0m 29.464 ms - 293[0m
[0mGET /health [32m200[0m 34.276 ms - 293[0m
[0mGET /health [32m200[0m 38.445 ms - 293[0m
